<?xml version="1.0" encoding="UTF-8"?>
<!-- Generated by org.testng.reporters.JUnitReportReporter -->
<testsuite hostname="DESKTOP-G6T0SJ9" name="com.Bing.TestBingFive.TestBing" tests="3" failures="0" timestamp="25 Dec 2016 16:18:04 GMT" time="99.394" errors="0">
  <testcase name="Test2" time="37.763" classname="com.Bing.TestBingFive.TestBing"/>
  <testcase name="Test2" time="60.446" classname="com.Bing.TestBingFive.TestBing"/>
  <testcase name="Test1" time="1.185" classname="com.Bing.TestBingFive.TestBing"/>
</testsuite> <!-- com.Bing.TestBingFive.TestBing -->
