<?xml version="1.0" encoding="UTF-8"?>
<!-- Generated by org.testng.reporters.JUnitReportReporter -->
<testsuite hostname="DESKTOP-G6T0SJ9" name="com.Bing.TestBingFive.TestBing" tests="3" failures="0" timestamp="25 Dec 2016 14:09:45 GMT" time="92.514" errors="0">
  <testcase name="Test1" time="1.263" classname="com.Bing.TestBingFive.TestBing"/>
  <testcase name="Test2" time="36.277" classname="com.Bing.TestBingFive.TestBing"/>
  <testcase name="Test2" time="54.974" classname="com.Bing.TestBingFive.TestBing"/>
</testsuite> <!-- com.Bing.TestBingFive.TestBing -->
